<?xml version="1.0" encoding="UTF-8"?>
<testsuite name="| 5starred |" time="0.959" tests="18" errors="0" skipped="0" failures="0">
  <properties>
    <property name="java.vendor" value="Oracle Corporation"/>
    <property name="JOB_NAME" value="FW"/>
    <property name="sun.java.launcher" value="SUN_STANDARD"/>
    <property name="sun.management.compiler" value="HotSpot 64-Bit Tiered Compilers"/>
    <property name="JENKINS_HOME" value="/Users/yeyildiz/.jenkins"/>
    <property name="PATH" value="/usr/bin:/bin:/usr/sbin:/sbin"/>
    <property name="HUDSON_SERVER_COOKIE" value="5aca3512ffe42d1a"/>
    <property name="POM_ARTIFACTID" value="CucumberHotelsFramework"/>
    <property name="os.name" value="Mac OS X"/>
    <property name="sun.boot.class.path" value="/Library/Java/JavaVirtualMachines/jdk1.8.0_231.jdk/Contents/Home/jre/lib/resources.jar:/Library/Java/JavaVirtualMachines/jdk1.8.0_231.jdk/Contents/Home/jre/lib/rt.jar:/Library/Java/JavaVirtualMachines/jdk1.8.0_231.jdk/Contents/Home/jre/lib/sunrsasign.jar:/Library/Java/JavaVirtualMachines/jdk1.8.0_231.jdk/Contents/Home/jre/lib/jsse.jar:/Library/Java/JavaVirtualMachines/jdk1.8.0_231.jdk/Contents/Home/jre/lib/jce.jar:/Library/Java/JavaVirtualMachines/jdk1.8.0_231.jdk/Contents/Home/jre/lib/charsets.jar:/Library/Java/JavaVirtualMachines/jdk1.8.0_231.jdk/Contents/Home/jre/lib/jfr.jar:/Library/Java/JavaVirtualMachines/jdk1.8.0_231.jdk/Contents/Home/jre/classes"/>
    <property name="EXECUTOR_NUMBER" value="0"/>
    <property name="java.vm.specification.vendor" value="Oracle Corporation"/>
    <property name="POM_DISPLAYNAME" value="CucumberHotelsFramework"/>
    <property name="NODE_LABELS" value="master"/>
    <property name="java.runtime.version" value="1.8.0_231-b11"/>
    <property name="user.name" value="yeyildiz"/>
    <property name="guice.disable.misplaced.annotation.check" value="true"/>
    <property name="user.language" value="en"/>
    <property name="JOB_BASE_NAME" value="FW"/>
    <property name="RUN_CHANGES_DISPLAY_URL" value="http://localhost:8080/job/FW/19/display/redirect?page=changes"/>
    <property name="BUILD_DISPLAY_NAME" value="#19"/>
    <property name="TMPDIR" value="/var/folders/vw/7t0rzylj0ns35ntzrg5v7ygc0000gn/T/"/>
    <property name="sun.boot.library.path" value="/Library/Java/JavaVirtualMachines/jdk1.8.0_231.jdk/Contents/Home/jre/lib"/>
    <property name="java.version" value="1.8.0_231"/>
    <property name="XPC_FLAGS" value="0x0"/>
    <property name="user.timezone" value="America/Los_Angeles"/>
    <property name="sun.arch.data.model" value="64"/>
    <property name="NODE_NAME" value="master"/>
    <property name="http.nonProxyHosts" value="local|*.local|169.254/16|*.169.254/16"/>
    <property name="java.endorsed.dirs" value="/Library/Java/JavaVirtualMachines/jdk1.8.0_231.jdk/Contents/Home/jre/lib/endorsed"/>
    <property name="BUILD_ID" value="19"/>
    <property name="sun.cpu.isalist" value=""/>
    <property name="sun.jnu.encoding" value="UTF-8"/>
    <property name="file.encoding.pkg" value="sun.io"/>
    <property name="SHELL" value="/bin/bash"/>
    <property name="file.separator" value="/"/>
    <property name="java.specification.name" value="Java Platform API Specification"/>
    <property name="java.class.version" value="52.0"/>
    <property name="org.slf4j.simpleLogger.defaultLogLevel" value="info"/>
    <property name="user.country" value="US"/>
    <property name="java.home" value="/Library/Java/JavaVirtualMachines/jdk1.8.0_231.jdk/Contents/Home/jre"/>
    <property name="java.vm.info" value="mixed mode"/>
    <property name="os.version" value="10.14.6"/>
    <property name="RUN_DISPLAY_URL" value="http://localhost:8080/job/FW/19/display/redirect"/>
    <property name="POM_VERSION" value="1.0-SNAPSHOT"/>
    <property name="sun.font.fontmanager" value="sun.font.CFontManager"/>
    <property name="path.separator" value=":"/>
    <property name="java.vm.version" value="25.231-b11"/>
    <property name="JOB_DISPLAY_URL" value="http://localhost:8080/job/FW/display/redirect"/>
    <property name="java.awt.printerjob" value="sun.lwawt.macosx.CPrinterJob"/>
    <property name="sun.io.unicode.encoding" value="UnicodeBig"/>
    <property name="awt.toolkit" value="sun.lwawt.macosx.LWCToolkit"/>
    <property name="LOGNAME" value="yeyildiz"/>
    <property name="socksNonProxyHosts" value="local|*.local|169.254/16|*.169.254/16"/>
    <property name="POM_PACKAGING" value="jar"/>
    <property name="ftp.nonProxyHosts" value="local|*.local|169.254/16|*.169.254/16"/>
    <property name="HOME" value="/Users/yeyildiz"/>
    <property name="POM_GROUPID" value="CucumberHotelsFramework"/>
    <property name="user.home" value="/Users/yeyildiz"/>
    <property name="BUILD_TAG" value="jenkins-FW-19"/>
    <property name="JENKINS_SERVER_COOKIE" value="5aca3512ffe42d1a"/>
    <property name="HUDSON_URL" value="http://localhost:8080/"/>
    <property name="XPC_SERVICE_NAME" value="homebrew.mxcl.jenkins-lts"/>
    <property name="java.specification.vendor" value="Oracle Corporation"/>
    <property name="CLASSPATH" value=""/>
    <property name="java.library.path" value="/Users/yeyildiz/Library/Java/Extensions:/Library/Java/Extensions:/Network/Library/Java/Extensions:/System/Library/Java/Extensions:/usr/lib/java:."/>
    <property name="java.vendor.url" value="http://java.oracle.com/"/>
    <property name="Apple_PubSub_Socket_Render" value="/private/tmp/com.apple.launchd.DfFxRtwmVo/Render"/>
    <property name="java.vm.vendor" value="Oracle Corporation"/>
    <property name="gopherProxySet" value="false"/>
    <property name="java.runtime.name" value="Java(TM) SE Runtime Environment"/>
    <property name="maven.home" value="/Users/yeyildiz/.jenkins/tools/hudson.tasks.Maven_MavenInstallation/01Project"/>
    <property name="java.class.path" value="/Users/yeyildiz/.jenkins/plugins/maven-plugin/WEB-INF/lib/maven33-agent-1.13.jar:/Users/yeyildiz/.jenkins/tools/hudson.tasks.Maven_MavenInstallation/01Project/boot/plexus-classworlds-2.5.2.jar:/Users/yeyildiz/.jenkins/tools/hudson.tasks.Maven_MavenInstallation/01Project/conf/logging"/>
    <property name="sun.java.command" value="jenkins.maven3.agent.Maven33Main /Users/yeyildiz/.jenkins/tools/hudson.tasks.Maven_MavenInstallation/01Project /Users/yeyildiz/.jenkins/war/WEB-INF/lib/remoting-3.36.jar /Users/yeyildiz/.jenkins/plugins/maven-plugin/WEB-INF/lib/maven33-interceptor-1.13.jar /Users/yeyildiz/.jenkins/plugins/maven-plugin/WEB-INF/lib/maven3-interceptor-commons-1.13.jar 53939"/>
    <property name="java.vm.specification.name" value="Java Virtual Machine Specification"/>
    <property name="java.vm.specification.version" value="1.8"/>
    <property name="sun.os.patch.level" value="unknown"/>
    <property name="sun.cpu.endian" value="little"/>
    <property name="M2_HOME" value="/Users/yeyildiz/.jenkins/tools/hudson.tasks.Maven_MavenInstallation/01Project"/>
    <property name="java.io.tmpdir" value="/var/folders/vw/7t0rzylj0ns35ntzrg5v7ygc0000gn/T/"/>
    <property name="HUDSON_HOME" value="/Users/yeyildiz/.jenkins"/>
    <property name="PATH+MAVEN" value="/Users/yeyildiz/.jenkins/tools/hudson.tasks.Maven_MavenInstallation/01Project/bin"/>
    <property name="BUILD_URL" value="http://localhost:8080/job/FW/19/"/>
    <property name="java.vendor.url.bug" value="http://bugreport.sun.com/bugreport/"/>
    <property name="SSH_AUTH_SOCK" value="/private/tmp/com.apple.launchd.Q5Pu406NBC/Listeners"/>
    <property name="java.awt.graphicsenv" value="sun.awt.CGraphicsEnvironment"/>
    <property name="os.arch" value="x86_64"/>
    <property name="com.apple.java.jvmTask" value="CommandLine"/>
    <property name="JAVA_MAIN_CLASS_398" value="Main"/>
    <property name="java.ext.dirs" value="/Users/yeyildiz/Library/Java/Extensions:/Library/Java/JavaVirtualMachines/jdk1.8.0_231.jdk/Contents/Home/jre/lib/ext:/Library/Java/Extensions:/Network/Library/Java/Extensions:/System/Library/Java/Extensions:/usr/lib/java"/>
    <property name="__CF_USER_TEXT_ENCODING" value="0x1F5:0x0:0x0"/>
    <property name="user.dir" value="/Users/yeyildiz/eclipse-workspace/CucumberHotelsFramework"/>
    <property name="JOB_URL" value="http://localhost:8080/job/FW/"/>
    <property name="browser" value="chrome"/>
    <property name="line.separator" value="&#10;"/>
    <property name="MAVEN_HOME" value="/Users/yeyildiz/.jenkins/tools/hudson.tasks.Maven_MavenInstallation/01Project"/>
    <property name="java.vm.name" value="Java HotSpot(TM) 64-Bit Server VM"/>
    <property name="BUILD_NUMBER" value="19"/>
    <property name="JENKINS_URL" value="http://localhost:8080/"/>
    <property name="file.encoding" value="UTF-8"/>
    <property name="maven3.interceptor" value="/Users/yeyildiz/.jenkins/plugins/maven-plugin/WEB-INF/lib/maven33-interceptor-1.13.jar"/>
    <property name="WORKSPACE" value="/Users/yeyildiz/eclipse-workspace/CucumberHotelsFramework"/>
    <property name="maven3.interceptor.common" value="/Users/yeyildiz/.jenkins/plugins/maven-plugin/WEB-INF/lib/maven3-interceptor-commons-1.13.jar"/>
    <property name="java.specification.version" value="1.8"/>
    <property name="USER" value="yeyildiz"/>
  </properties>
  <testcase name="Given I am on Hotels Home Page" classname="| 3starred |" time="0.281"/>
  <testcase name="Given Initialize the browser" classname="| 3starred |" time="0"/>
  <testcase name="Given I am on default locations search result screen" classname="| 3starred |" time="0.002"/>
  <testcase name="When I select property class 3starred hotels" classname="| 3starred |" time="0"/>
  <testcase name="Then I verify system displays only 3starred hotels on search result" classname="| 3starred |" time="0"/>
  <testcase name="| 3starred |" classname="| 3starred |" time="0.249"/>
  <testcase name="Given I am on Hotels Home Page" classname="| 4starred |" time="0.001"/>
  <testcase name="Given Initialize the browser" classname="| 4starred |" time="0"/>
  <testcase name="Given I am on default locations search result screen" classname="| 4starred |" time="0.002"/>
  <testcase name="When I select property class 4starred hotels" classname="| 4starred |" time="0"/>
  <testcase name="Then I verify system displays only 4starred hotels on search result" classname="| 4starred |" time="0"/>
  <testcase name="| 4starred |" classname="| 4starred |" time="0.169"/>
  <testcase name="Given I am on Hotels Home Page" classname="| 5starred |" time="0.001"/>
  <testcase name="Given Initialize the browser" classname="| 5starred |" time="0"/>
  <testcase name="Given I am on default locations search result screen" classname="| 5starred |" time="0.003"/>
  <testcase name="When I select property class 5starred hotels" classname="| 5starred |" time="0.002"/>
  <testcase name="Then I verify system displays only 5starred hotels on search result" classname="| 5starred |" time="0"/>
  <testcase name="| 5starred |" classname="| 5starred |" time="0.249"/>
</testsuite>